/home/issa2/ros_project/install/my_ros2_package/lib/python3.10/site-packages/my_ros2_package/temperature.py
/home/issa2/ros_project/install/my_ros2_package/lib/python3.10/site-packages/my_ros2_package/humidite.py
/home/issa2/ros_project/install/my_ros2_package/lib/python3.10/site-packages/my_ros2_package/lumiere.py
/home/issa2/ros_project/install/my_ros2_package/lib/python3.10/site-packages/my_ros2_package/__init__.py
/home/issa2/ros_project/install/my_ros2_package/lib/python3.10/site-packages/my_ros2_package/co2.py
/home/issa2/ros_project/install/my_ros2_package/lib/python3.10/site-packages/my_ros2_package/stores.py
/home/issa2/ros_project/install/my_ros2_package/lib/python3.10/site-packages/my_ros2_package/alarme.py
/home/issa2/ros_project/install/my_ros2_package/lib/python3.10/site-packages/my_ros2_package/fenetre.py
/home/issa2/ros_project/install/my_ros2_package/lib/python3.10/site-packages/my_ros2_package/chauffage.py
/home/issa2/ros_project/install/my_ros2_package/lib/python3.10/site-packages/my_ros2_package/my_ros2_keyboard/client.py
/home/issa2/ros_project/install/my_ros2_package/lib/python3.10/site-packages/my_ros2_package/my_ros2_keyboard/setup.py
/home/issa2/ros_project/install/my_ros2_package/lib/python3.10/site-packages/my_ros2_package/my_ros2_keyboard/__init__.py
/home/issa2/ros_project/install/my_ros2_package/lib/python3.10/site-packages/my_ros2_package/my_ros2_keyboard/server.py
/home/issa2/ros_project/install/my_ros2_package/lib/python3.10/site-packages/my_ros2_package/__pycache__/temperature.cpython-310.pyc
/home/issa2/ros_project/install/my_ros2_package/lib/python3.10/site-packages/my_ros2_package/__pycache__/humidite.cpython-310.pyc
/home/issa2/ros_project/install/my_ros2_package/lib/python3.10/site-packages/my_ros2_package/__pycache__/lumiere.cpython-310.pyc
/home/issa2/ros_project/install/my_ros2_package/lib/python3.10/site-packages/my_ros2_package/__pycache__/__init__.cpython-310.pyc
/home/issa2/ros_project/install/my_ros2_package/lib/python3.10/site-packages/my_ros2_package/__pycache__/co2.cpython-310.pyc
/home/issa2/ros_project/install/my_ros2_package/lib/python3.10/site-packages/my_ros2_package/__pycache__/stores.cpython-310.pyc
/home/issa2/ros_project/install/my_ros2_package/lib/python3.10/site-packages/my_ros2_package/__pycache__/alarme.cpython-310.pyc
/home/issa2/ros_project/install/my_ros2_package/lib/python3.10/site-packages/my_ros2_package/__pycache__/fenetre.cpython-310.pyc
/home/issa2/ros_project/install/my_ros2_package/lib/python3.10/site-packages/my_ros2_package/__pycache__/chauffage.cpython-310.pyc
/home/issa2/ros_project/install/my_ros2_package/lib/python3.10/site-packages/my_ros2_package/my_ros2_keyboard/__pycache__/client.cpython-310.pyc
/home/issa2/ros_project/install/my_ros2_package/lib/python3.10/site-packages/my_ros2_package/my_ros2_keyboard/__pycache__/setup.cpython-310.pyc
/home/issa2/ros_project/install/my_ros2_package/lib/python3.10/site-packages/my_ros2_package/my_ros2_keyboard/__pycache__/__init__.cpython-310.pyc
/home/issa2/ros_project/install/my_ros2_package/lib/python3.10/site-packages/my_ros2_package/my_ros2_keyboard/__pycache__/server.cpython-310.pyc
/home/issa2/ros_project/install/my_ros2_package/share/ament_index/resource_index/packages/my_ros2_package
/home/issa2/ros_project/install/my_ros2_package/share/my_ros2_package/package.xml
/home/issa2/ros_project/install/my_ros2_package/lib/python3.10/site-packages/my_ros2_package-0.0.1-py3.10.egg-info/dependency_links.txt
/home/issa2/ros_project/install/my_ros2_package/lib/python3.10/site-packages/my_ros2_package-0.0.1-py3.10.egg-info/top_level.txt
/home/issa2/ros_project/install/my_ros2_package/lib/python3.10/site-packages/my_ros2_package-0.0.1-py3.10.egg-info/zip-safe
/home/issa2/ros_project/install/my_ros2_package/lib/python3.10/site-packages/my_ros2_package-0.0.1-py3.10.egg-info/SOURCES.txt
/home/issa2/ros_project/install/my_ros2_package/lib/python3.10/site-packages/my_ros2_package-0.0.1-py3.10.egg-info/PKG-INFO
/home/issa2/ros_project/install/my_ros2_package/lib/python3.10/site-packages/my_ros2_package-0.0.1-py3.10.egg-info/requires.txt
/home/issa2/ros_project/install/my_ros2_package/lib/python3.10/site-packages/my_ros2_package-0.0.1-py3.10.egg-info/entry_points.txt
/home/issa2/ros_project/install/my_ros2_package/lib/my_ros2_package/alarme
/home/issa2/ros_project/install/my_ros2_package/lib/my_ros2_package/chauffage
/home/issa2/ros_project/install/my_ros2_package/lib/my_ros2_package/client
/home/issa2/ros_project/install/my_ros2_package/lib/my_ros2_package/co2
/home/issa2/ros_project/install/my_ros2_package/lib/my_ros2_package/fenetre
/home/issa2/ros_project/install/my_ros2_package/lib/my_ros2_package/humidite
/home/issa2/ros_project/install/my_ros2_package/lib/my_ros2_package/lumiere
/home/issa2/ros_project/install/my_ros2_package/lib/my_ros2_package/serveur
/home/issa2/ros_project/install/my_ros2_package/lib/my_ros2_package/stores
/home/issa2/ros_project/install/my_ros2_package/lib/my_ros2_package/temperature
