running egg_info
creating ../../build/my_ros2_package/my_ros2_package.egg-info
writing ../../build/my_ros2_package/my_ros2_package.egg-info/PKG-INFO
writing dependency_links to ../../build/my_ros2_package/my_ros2_package.egg-info/dependency_links.txt
writing entry points to ../../build/my_ros2_package/my_ros2_package.egg-info/entry_points.txt
writing requirements to ../../build/my_ros2_package/my_ros2_package.egg-info/requires.txt
writing top-level names to ../../build/my_ros2_package/my_ros2_package.egg-info/top_level.txt
writing manifest file '../../build/my_ros2_package/my_ros2_package.egg-info/SOURCES.txt'
reading manifest file '../../build/my_ros2_package/my_ros2_package.egg-info/SOURCES.txt'
writing manifest file '../../build/my_ros2_package/my_ros2_package.egg-info/SOURCES.txt'
running build
running build_py
creating /home/issa2/ros_project/build/my_ros2_package/build
creating /home/issa2/ros_project/build/my_ros2_package/build/lib
creating /home/issa2/ros_project/build/my_ros2_package/build/lib/my_ros2_package
copying my_ros2_package/temperature.py -> /home/issa2/ros_project/build/my_ros2_package/build/lib/my_ros2_package
copying my_ros2_package/humidite.py -> /home/issa2/ros_project/build/my_ros2_package/build/lib/my_ros2_package
copying my_ros2_package/lumiere.py -> /home/issa2/ros_project/build/my_ros2_package/build/lib/my_ros2_package
copying my_ros2_package/__init__.py -> /home/issa2/ros_project/build/my_ros2_package/build/lib/my_ros2_package
copying my_ros2_package/co2.py -> /home/issa2/ros_project/build/my_ros2_package/build/lib/my_ros2_package
copying my_ros2_package/stores.py -> /home/issa2/ros_project/build/my_ros2_package/build/lib/my_ros2_package
copying my_ros2_package/alarme.py -> /home/issa2/ros_project/build/my_ros2_package/build/lib/my_ros2_package
copying my_ros2_package/fenetre.py -> /home/issa2/ros_project/build/my_ros2_package/build/lib/my_ros2_package
copying my_ros2_package/chauffage.py -> /home/issa2/ros_project/build/my_ros2_package/build/lib/my_ros2_package
creating /home/issa2/ros_project/build/my_ros2_package/build/lib/my_ros2_package/my_ros2_keyboard
copying my_ros2_package/my_ros2_keyboard/client.py -> /home/issa2/ros_project/build/my_ros2_package/build/lib/my_ros2_package/my_ros2_keyboard
copying my_ros2_package/my_ros2_keyboard/setup.py -> /home/issa2/ros_project/build/my_ros2_package/build/lib/my_ros2_package/my_ros2_keyboard
copying my_ros2_package/my_ros2_keyboard/__init__.py -> /home/issa2/ros_project/build/my_ros2_package/build/lib/my_ros2_package/my_ros2_keyboard
copying my_ros2_package/my_ros2_keyboard/server.py -> /home/issa2/ros_project/build/my_ros2_package/build/lib/my_ros2_package/my_ros2_keyboard
running install
running install_lib
creating /home/issa2/ros_project/install/my_ros2_package/lib/python3.10/site-packages/my_ros2_package
copying /home/issa2/ros_project/build/my_ros2_package/build/lib/my_ros2_package/temperature.py -> /home/issa2/ros_project/install/my_ros2_package/lib/python3.10/site-packages/my_ros2_package
copying /home/issa2/ros_project/build/my_ros2_package/build/lib/my_ros2_package/humidite.py -> /home/issa2/ros_project/install/my_ros2_package/lib/python3.10/site-packages/my_ros2_package
creating /home/issa2/ros_project/install/my_ros2_package/lib/python3.10/site-packages/my_ros2_package/my_ros2_keyboard
copying /home/issa2/ros_project/build/my_ros2_package/build/lib/my_ros2_package/my_ros2_keyboard/client.py -> /home/issa2/ros_project/install/my_ros2_package/lib/python3.10/site-packages/my_ros2_package/my_ros2_keyboard
copying /home/issa2/ros_project/build/my_ros2_package/build/lib/my_ros2_package/my_ros2_keyboard/setup.py -> /home/issa2/ros_project/install/my_ros2_package/lib/python3.10/site-packages/my_ros2_package/my_ros2_keyboard
copying /home/issa2/ros_project/build/my_ros2_package/build/lib/my_ros2_package/my_ros2_keyboard/__init__.py -> /home/issa2/ros_project/install/my_ros2_package/lib/python3.10/site-packages/my_ros2_package/my_ros2_keyboard
copying /home/issa2/ros_project/build/my_ros2_package/build/lib/my_ros2_package/my_ros2_keyboard/server.py -> /home/issa2/ros_project/install/my_ros2_package/lib/python3.10/site-packages/my_ros2_package/my_ros2_keyboard
copying /home/issa2/ros_project/build/my_ros2_package/build/lib/my_ros2_package/lumiere.py -> /home/issa2/ros_project/install/my_ros2_package/lib/python3.10/site-packages/my_ros2_package
copying /home/issa2/ros_project/build/my_ros2_package/build/lib/my_ros2_package/__init__.py -> /home/issa2/ros_project/install/my_ros2_package/lib/python3.10/site-packages/my_ros2_package
copying /home/issa2/ros_project/build/my_ros2_package/build/lib/my_ros2_package/co2.py -> /home/issa2/ros_project/install/my_ros2_package/lib/python3.10/site-packages/my_ros2_package
copying /home/issa2/ros_project/build/my_ros2_package/build/lib/my_ros2_package/stores.py -> /home/issa2/ros_project/install/my_ros2_package/lib/python3.10/site-packages/my_ros2_package
copying /home/issa2/ros_project/build/my_ros2_package/build/lib/my_ros2_package/alarme.py -> /home/issa2/ros_project/install/my_ros2_package/lib/python3.10/site-packages/my_ros2_package
copying /home/issa2/ros_project/build/my_ros2_package/build/lib/my_ros2_package/fenetre.py -> /home/issa2/ros_project/install/my_ros2_package/lib/python3.10/site-packages/my_ros2_package
copying /home/issa2/ros_project/build/my_ros2_package/build/lib/my_ros2_package/chauffage.py -> /home/issa2/ros_project/install/my_ros2_package/lib/python3.10/site-packages/my_ros2_package
byte-compiling /home/issa2/ros_project/install/my_ros2_package/lib/python3.10/site-packages/my_ros2_package/temperature.py to temperature.cpython-310.pyc
byte-compiling /home/issa2/ros_project/install/my_ros2_package/lib/python3.10/site-packages/my_ros2_package/humidite.py to humidite.cpython-310.pyc
byte-compiling /home/issa2/ros_project/install/my_ros2_package/lib/python3.10/site-packages/my_ros2_package/my_ros2_keyboard/client.py to client.cpython-310.pyc
byte-compiling /home/issa2/ros_project/install/my_ros2_package/lib/python3.10/site-packages/my_ros2_package/my_ros2_keyboard/setup.py to setup.cpython-310.pyc
byte-compiling /home/issa2/ros_project/install/my_ros2_package/lib/python3.10/site-packages/my_ros2_package/my_ros2_keyboard/__init__.py to __init__.cpython-310.pyc
byte-compiling /home/issa2/ros_project/install/my_ros2_package/lib/python3.10/site-packages/my_ros2_package/my_ros2_keyboard/server.py to server.cpython-310.pyc
byte-compiling /home/issa2/ros_project/install/my_ros2_package/lib/python3.10/site-packages/my_ros2_package/lumiere.py to lumiere.cpython-310.pyc
byte-compiling /home/issa2/ros_project/install/my_ros2_package/lib/python3.10/site-packages/my_ros2_package/__init__.py to __init__.cpython-310.pyc
byte-compiling /home/issa2/ros_project/install/my_ros2_package/lib/python3.10/site-packages/my_ros2_package/co2.py to co2.cpython-310.pyc
byte-compiling /home/issa2/ros_project/install/my_ros2_package/lib/python3.10/site-packages/my_ros2_package/stores.py to stores.cpython-310.pyc
byte-compiling /home/issa2/ros_project/install/my_ros2_package/lib/python3.10/site-packages/my_ros2_package/alarme.py to alarme.cpython-310.pyc
byte-compiling /home/issa2/ros_project/install/my_ros2_package/lib/python3.10/site-packages/my_ros2_package/fenetre.py to fenetre.cpython-310.pyc
byte-compiling /home/issa2/ros_project/install/my_ros2_package/lib/python3.10/site-packages/my_ros2_package/chauffage.py to chauffage.cpython-310.pyc
running install_data
creating /home/issa2/ros_project/install/my_ros2_package/share/ament_index
creating /home/issa2/ros_project/install/my_ros2_package/share/ament_index/resource_index
creating /home/issa2/ros_project/install/my_ros2_package/share/ament_index/resource_index/packages
copying resource/my_ros2_package -> /home/issa2/ros_project/install/my_ros2_package/share/ament_index/resource_index/packages
copying package.xml -> /home/issa2/ros_project/install/my_ros2_package/share/my_ros2_package
running install_egg_info
Copying ../../build/my_ros2_package/my_ros2_package.egg-info to /home/issa2/ros_project/install/my_ros2_package/lib/python3.10/site-packages/my_ros2_package-0.0.1-py3.10.egg-info
running install_scripts
Installing alarme script to /home/issa2/ros_project/install/my_ros2_package/lib/my_ros2_package
Installing chauffage script to /home/issa2/ros_project/install/my_ros2_package/lib/my_ros2_package
Installing client script to /home/issa2/ros_project/install/my_ros2_package/lib/my_ros2_package
Installing co2 script to /home/issa2/ros_project/install/my_ros2_package/lib/my_ros2_package
Installing fenetre script to /home/issa2/ros_project/install/my_ros2_package/lib/my_ros2_package
Installing humidite script to /home/issa2/ros_project/install/my_ros2_package/lib/my_ros2_package
Installing lumiere script to /home/issa2/ros_project/install/my_ros2_package/lib/my_ros2_package
Installing serveur script to /home/issa2/ros_project/install/my_ros2_package/lib/my_ros2_package
Installing stores script to /home/issa2/ros_project/install/my_ros2_package/lib/my_ros2_package
Installing temperature script to /home/issa2/ros_project/install/my_ros2_package/lib/my_ros2_package
writing list of installed files to '/home/issa2/ros_project/build/my_ros2_package/install.log'
