[0.459s] Invoking command in '/home/issa2/ros_project/src/my_ros2_package': PYTHONPATH=/home/issa2/ros_project/build/my_ros2_package/prefix_override:/usr/lib/python3/dist-packages/colcon_core/task/python/colcon_distutils_commands:/home/issa2/ros_project/install/my_ros2_package/lib/python3.10/site-packages:${PYTHONPATH} /usr/bin/python3 -W ignore:setup.py install is deprecated -W ignore:easy_install command is deprecated setup.py egg_info --egg-base ../../build/my_ros2_package build --build-base /home/issa2/ros_project/build/my_ros2_package/build install --record /home/issa2/ros_project/build/my_ros2_package/install.log --single-version-externally-managed install_data
[0.631s] running egg_info
[0.631s] creating ../../build/my_ros2_package/my_ros2_package.egg-info
[0.631s] writing ../../build/my_ros2_package/my_ros2_package.egg-info/PKG-INFO
[0.631s] writing dependency_links to ../../build/my_ros2_package/my_ros2_package.egg-info/dependency_links.txt
[0.631s] writing entry points to ../../build/my_ros2_package/my_ros2_package.egg-info/entry_points.txt
[0.631s] writing requirements to ../../build/my_ros2_package/my_ros2_package.egg-info/requires.txt
[0.632s] writing top-level names to ../../build/my_ros2_package/my_ros2_package.egg-info/top_level.txt
[0.632s] writing manifest file '../../build/my_ros2_package/my_ros2_package.egg-info/SOURCES.txt'
[0.632s] reading manifest file '../../build/my_ros2_package/my_ros2_package.egg-info/SOURCES.txt'
[0.632s] writing manifest file '../../build/my_ros2_package/my_ros2_package.egg-info/SOURCES.txt'
[0.632s] running build
[0.632s] running build_py
[0.632s] creating /home/issa2/ros_project/build/my_ros2_package/build
[0.632s] creating /home/issa2/ros_project/build/my_ros2_package/build/lib
[0.632s] creating /home/issa2/ros_project/build/my_ros2_package/build/lib/my_ros2_package
[0.632s] copying my_ros2_package/temperature.py -> /home/issa2/ros_project/build/my_ros2_package/build/lib/my_ros2_package
[0.632s] copying my_ros2_package/humidite.py -> /home/issa2/ros_project/build/my_ros2_package/build/lib/my_ros2_package
[0.633s] copying my_ros2_package/lumiere.py -> /home/issa2/ros_project/build/my_ros2_package/build/lib/my_ros2_package
[0.633s] copying my_ros2_package/__init__.py -> /home/issa2/ros_project/build/my_ros2_package/build/lib/my_ros2_package
[0.633s] copying my_ros2_package/co2.py -> /home/issa2/ros_project/build/my_ros2_package/build/lib/my_ros2_package
[0.633s] copying my_ros2_package/stores.py -> /home/issa2/ros_project/build/my_ros2_package/build/lib/my_ros2_package
[0.633s] copying my_ros2_package/alarme.py -> /home/issa2/ros_project/build/my_ros2_package/build/lib/my_ros2_package
[0.633s] copying my_ros2_package/fenetre.py -> /home/issa2/ros_project/build/my_ros2_package/build/lib/my_ros2_package
[0.633s] copying my_ros2_package/chauffage.py -> /home/issa2/ros_project/build/my_ros2_package/build/lib/my_ros2_package
[0.633s] creating /home/issa2/ros_project/build/my_ros2_package/build/lib/my_ros2_package/my_ros2_keyboard
[0.633s] copying my_ros2_package/my_ros2_keyboard/client.py -> /home/issa2/ros_project/build/my_ros2_package/build/lib/my_ros2_package/my_ros2_keyboard
[0.633s] copying my_ros2_package/my_ros2_keyboard/setup.py -> /home/issa2/ros_project/build/my_ros2_package/build/lib/my_ros2_package/my_ros2_keyboard
[0.633s] copying my_ros2_package/my_ros2_keyboard/__init__.py -> /home/issa2/ros_project/build/my_ros2_package/build/lib/my_ros2_package/my_ros2_keyboard
[0.633s] copying my_ros2_package/my_ros2_keyboard/server.py -> /home/issa2/ros_project/build/my_ros2_package/build/lib/my_ros2_package/my_ros2_keyboard
[0.633s] running install
[0.634s] running install_lib
[0.635s] creating /home/issa2/ros_project/install/my_ros2_package/lib/python3.10/site-packages/my_ros2_package
[0.635s] copying /home/issa2/ros_project/build/my_ros2_package/build/lib/my_ros2_package/temperature.py -> /home/issa2/ros_project/install/my_ros2_package/lib/python3.10/site-packages/my_ros2_package
[0.635s] copying /home/issa2/ros_project/build/my_ros2_package/build/lib/my_ros2_package/humidite.py -> /home/issa2/ros_project/install/my_ros2_package/lib/python3.10/site-packages/my_ros2_package
[0.635s] creating /home/issa2/ros_project/install/my_ros2_package/lib/python3.10/site-packages/my_ros2_package/my_ros2_keyboard
[0.635s] copying /home/issa2/ros_project/build/my_ros2_package/build/lib/my_ros2_package/my_ros2_keyboard/client.py -> /home/issa2/ros_project/install/my_ros2_package/lib/python3.10/site-packages/my_ros2_package/my_ros2_keyboard
[0.635s] copying /home/issa2/ros_project/build/my_ros2_package/build/lib/my_ros2_package/my_ros2_keyboard/setup.py -> /home/issa2/ros_project/install/my_ros2_package/lib/python3.10/site-packages/my_ros2_package/my_ros2_keyboard
[0.635s] copying /home/issa2/ros_project/build/my_ros2_package/build/lib/my_ros2_package/my_ros2_keyboard/__init__.py -> /home/issa2/ros_project/install/my_ros2_package/lib/python3.10/site-packages/my_ros2_package/my_ros2_keyboard
[0.635s] copying /home/issa2/ros_project/build/my_ros2_package/build/lib/my_ros2_package/my_ros2_keyboard/server.py -> /home/issa2/ros_project/install/my_ros2_package/lib/python3.10/site-packages/my_ros2_package/my_ros2_keyboard
[0.635s] copying /home/issa2/ros_project/build/my_ros2_package/build/lib/my_ros2_package/lumiere.py -> /home/issa2/ros_project/install/my_ros2_package/lib/python3.10/site-packages/my_ros2_package
[0.635s] copying /home/issa2/ros_project/build/my_ros2_package/build/lib/my_ros2_package/__init__.py -> /home/issa2/ros_project/install/my_ros2_package/lib/python3.10/site-packages/my_ros2_package
[0.635s] copying /home/issa2/ros_project/build/my_ros2_package/build/lib/my_ros2_package/co2.py -> /home/issa2/ros_project/install/my_ros2_package/lib/python3.10/site-packages/my_ros2_package
[0.635s] copying /home/issa2/ros_project/build/my_ros2_package/build/lib/my_ros2_package/stores.py -> /home/issa2/ros_project/install/my_ros2_package/lib/python3.10/site-packages/my_ros2_package
[0.636s] copying /home/issa2/ros_project/build/my_ros2_package/build/lib/my_ros2_package/alarme.py -> /home/issa2/ros_project/install/my_ros2_package/lib/python3.10/site-packages/my_ros2_package
[0.636s] copying /home/issa2/ros_project/build/my_ros2_package/build/lib/my_ros2_package/fenetre.py -> /home/issa2/ros_project/install/my_ros2_package/lib/python3.10/site-packages/my_ros2_package
[0.636s] copying /home/issa2/ros_project/build/my_ros2_package/build/lib/my_ros2_package/chauffage.py -> /home/issa2/ros_project/install/my_ros2_package/lib/python3.10/site-packages/my_ros2_package
[0.636s] byte-compiling /home/issa2/ros_project/install/my_ros2_package/lib/python3.10/site-packages/my_ros2_package/temperature.py to temperature.cpython-310.pyc
[0.636s] byte-compiling /home/issa2/ros_project/install/my_ros2_package/lib/python3.10/site-packages/my_ros2_package/humidite.py to humidite.cpython-310.pyc
[0.637s] byte-compiling /home/issa2/ros_project/install/my_ros2_package/lib/python3.10/site-packages/my_ros2_package/my_ros2_keyboard/client.py to client.cpython-310.pyc
[0.637s] byte-compiling /home/issa2/ros_project/install/my_ros2_package/lib/python3.10/site-packages/my_ros2_package/my_ros2_keyboard/setup.py to setup.cpython-310.pyc
[0.637s] byte-compiling /home/issa2/ros_project/install/my_ros2_package/lib/python3.10/site-packages/my_ros2_package/my_ros2_keyboard/__init__.py to __init__.cpython-310.pyc
[0.637s] byte-compiling /home/issa2/ros_project/install/my_ros2_package/lib/python3.10/site-packages/my_ros2_package/my_ros2_keyboard/server.py to server.cpython-310.pyc
[0.638s] byte-compiling /home/issa2/ros_project/install/my_ros2_package/lib/python3.10/site-packages/my_ros2_package/lumiere.py to lumiere.cpython-310.pyc
[0.638s] byte-compiling /home/issa2/ros_project/install/my_ros2_package/lib/python3.10/site-packages/my_ros2_package/__init__.py to __init__.cpython-310.pyc
[0.638s] byte-compiling /home/issa2/ros_project/install/my_ros2_package/lib/python3.10/site-packages/my_ros2_package/co2.py to co2.cpython-310.pyc
[0.638s] byte-compiling /home/issa2/ros_project/install/my_ros2_package/lib/python3.10/site-packages/my_ros2_package/stores.py to stores.cpython-310.pyc
[0.639s] byte-compiling /home/issa2/ros_project/install/my_ros2_package/lib/python3.10/site-packages/my_ros2_package/alarme.py to alarme.cpython-310.pyc
[0.639s] byte-compiling /home/issa2/ros_project/install/my_ros2_package/lib/python3.10/site-packages/my_ros2_package/fenetre.py to fenetre.cpython-310.pyc
[0.640s] byte-compiling /home/issa2/ros_project/install/my_ros2_package/lib/python3.10/site-packages/my_ros2_package/chauffage.py to chauffage.cpython-310.pyc
[0.640s] running install_data
[0.640s] creating /home/issa2/ros_project/install/my_ros2_package/share/ament_index
[0.640s] creating /home/issa2/ros_project/install/my_ros2_package/share/ament_index/resource_index
[0.640s] creating /home/issa2/ros_project/install/my_ros2_package/share/ament_index/resource_index/packages
[0.640s] copying resource/my_ros2_package -> /home/issa2/ros_project/install/my_ros2_package/share/ament_index/resource_index/packages
[0.640s] copying package.xml -> /home/issa2/ros_project/install/my_ros2_package/share/my_ros2_package
[0.640s] running install_egg_info
[0.642s] Copying ../../build/my_ros2_package/my_ros2_package.egg-info to /home/issa2/ros_project/install/my_ros2_package/lib/python3.10/site-packages/my_ros2_package-0.0.1-py3.10.egg-info
[0.643s] running install_scripts
[0.660s] Installing alarme script to /home/issa2/ros_project/install/my_ros2_package/lib/my_ros2_package
[0.660s] Installing chauffage script to /home/issa2/ros_project/install/my_ros2_package/lib/my_ros2_package
[0.660s] Installing client script to /home/issa2/ros_project/install/my_ros2_package/lib/my_ros2_package
[0.661s] Installing co2 script to /home/issa2/ros_project/install/my_ros2_package/lib/my_ros2_package
[0.661s] Installing fenetre script to /home/issa2/ros_project/install/my_ros2_package/lib/my_ros2_package
[0.661s] Installing humidite script to /home/issa2/ros_project/install/my_ros2_package/lib/my_ros2_package
[0.661s] Installing lumiere script to /home/issa2/ros_project/install/my_ros2_package/lib/my_ros2_package
[0.661s] Installing serveur script to /home/issa2/ros_project/install/my_ros2_package/lib/my_ros2_package
[0.661s] Installing stores script to /home/issa2/ros_project/install/my_ros2_package/lib/my_ros2_package
[0.661s] Installing temperature script to /home/issa2/ros_project/install/my_ros2_package/lib/my_ros2_package
[0.661s] writing list of installed files to '/home/issa2/ros_project/build/my_ros2_package/install.log'
[0.685s] Invoked command in '/home/issa2/ros_project/src/my_ros2_package' returned '0': PYTHONPATH=/home/issa2/ros_project/build/my_ros2_package/prefix_override:/usr/lib/python3/dist-packages/colcon_core/task/python/colcon_distutils_commands:/home/issa2/ros_project/install/my_ros2_package/lib/python3.10/site-packages:${PYTHONPATH} /usr/bin/python3 -W ignore:setup.py install is deprecated -W ignore:easy_install command is deprecated setup.py egg_info --egg-base ../../build/my_ros2_package build --build-base /home/issa2/ros_project/build/my_ros2_package/build install --record /home/issa2/ros_project/build/my_ros2_package/install.log --single-version-externally-managed install_data
